2025-03-11T11:03:06.391Z [INFO]: MongoDB connected successfully!
2025-03-11T11:03:06.396Z [INFO]: Server running on port 4500
2025-03-11T11:03:36.214Z [ERROR]: Error fetching sports data: Request failed with status code 401
2025-03-11T11:04:06.282Z [ERROR]: Error fetching sports data: Request failed with status code 401
2025-03-11T11:04:36.171Z [ERROR]: Error fetching sports data: Request failed with status code 401
2025-03-11T11:05:06.281Z [ERROR]: Error fetching sports data: Request failed with status code 401
2025-03-11T11:05:36.491Z [ERROR]: Error fetching sports data: Request failed with status code 401
2025-03-11T11:05:51.335Z [INFO]: MongoDB connected successfully!
2025-03-11T11:05:51.346Z [INFO]: Server running on port 4500
2025-03-11T11:05:59.861Z [INFO]: MongoDB connected successfully!
2025-03-11T11:05:59.863Z [INFO]: Server running on port 4500
2025-03-11T11:06:30.264Z [ERROR]: Error fetching sports data: Request failed with status code 401
2025-03-11T11:07:00.403Z [ERROR]: Error fetching sports data: Request failed with status code 401
2025-03-11T11:07:08.391Z [INFO]: MongoDB connected successfully!
2025-03-11T11:07:08.400Z [INFO]: Server running on port 4500
2025-03-11T11:07:11.913Z [INFO]: MongoDB connected successfully!
2025-03-11T11:07:11.915Z [INFO]: Server running on port 4500
2025-03-11T11:07:43.722Z [INFO]: MongoDB connected successfully!
2025-03-11T11:07:43.724Z [INFO]: Server running on port 4500
2025-03-11T11:09:46.807Z [INFO]: MongoDB connected successfully!
2025-03-11T11:09:46.809Z [INFO]: Server running on port 4500
2025-03-11T11:11:39.385Z [INFO]: MongoDB connected successfully!
2025-03-11T11:11:39.394Z [INFO]: Server running on port 4500
2025-03-11T11:12:22.381Z [INFO]: MongoDB connected successfully!
2025-03-11T11:12:22.384Z [INFO]: Server running on port 4500
2025-03-11T11:12:31.606Z [INFO]: MongoDB connected successfully!
2025-03-11T11:12:31.608Z [INFO]: Server running on port 4500
2025-03-11T11:12:54.929Z [INFO]: MongoDB connected successfully!
2025-03-11T11:12:54.932Z [INFO]: Server running on port 4500
2025-03-11T11:13:02.265Z [INFO]: MongoDB connected successfully!
2025-03-11T11:13:02.267Z [INFO]: Server running on port 4500
2025-03-11T11:13:04.345Z [INFO]: MongoDB connected successfully!
2025-03-11T11:13:04.348Z [INFO]: Server running on port 4500
2025-03-11T11:13:33.054Z [INFO]: MongoDB connected successfully!
2025-03-11T11:13:33.062Z [INFO]: Server running on port 4500
2025-03-11T11:13:34.227Z [INFO]: MongoDB connected successfully!
2025-03-11T11:13:34.230Z [INFO]: Server running on port 4500
2025-03-11T11:13:43.777Z [INFO]: MongoDB connected successfully!
2025-03-11T11:13:43.784Z [INFO]: Server running on port 4500
2025-03-11T11:13:59.040Z [INFO]: MongoDB connected successfully!
2025-03-11T11:13:59.042Z [INFO]: Server running on port 4500
2025-03-11T11:14:56.716Z [INFO]: MongoDB connected successfully!
2025-03-11T11:14:56.725Z [INFO]: Server running on port 4500
2025-03-11T11:15:36.514Z [INFO]: MongoDB connected successfully!
2025-03-11T11:15:36.523Z [INFO]: Server running on port 4500
2025-03-11T11:16:17.719Z [INFO]: User created: Mursalin Ansari
2025-03-11T11:16:25.950Z [ERROR]: Error: Expected double-quoted property name in JSON at position 41
2025-03-11T11:16:37.490Z [INFO]: User saidansari07@gmail.com logged in successfully
2025-03-11T11:17:06.100Z [INFO]: MongoDB connected successfully!
2025-03-11T11:17:06.103Z [INFO]: Server running on port 4500
2025-03-11T11:18:21.503Z [INFO]: MongoDB connected successfully!
2025-03-11T11:18:21.506Z [INFO]: Server running on port 4500
2025-03-11T11:18:24.317Z [INFO]: MongoDB connected successfully!
2025-03-11T11:18:24.319Z [INFO]: Server running on port 4500
2025-03-11T11:18:30.820Z [INFO]: MongoDB connected successfully!
2025-03-11T11:18:30.829Z [INFO]: Server running on port 4500
2025-03-11T11:18:51.091Z [INFO]: MongoDB connected successfully!
2025-03-11T11:18:51.093Z [INFO]: Server running on port 4500
2025-03-11T11:19:07.199Z [INFO]: MongoDB connected successfully!
2025-03-11T11:19:07.207Z [INFO]: Server running on port 4500
2025-03-11T11:19:38.518Z [INFO]: MongoDB connected successfully!
2025-03-11T11:19:38.527Z [INFO]: Server running on port 4500
2025-03-11T11:19:43.721Z [INFO]: MongoDB connected successfully!
2025-03-11T11:19:43.723Z [INFO]: Server running on port 4500
2025-03-11T11:19:54.966Z [INFO]: MongoDB connected successfully!
2025-03-11T11:19:54.968Z [INFO]: Server running on port 4500
2025-03-11T11:20:07.332Z [INFO]: MongoDB connected successfully!
2025-03-11T11:20:07.335Z [INFO]: Server running on port 4500
2025-03-11T11:20:13.674Z [INFO]: MongoDB connected successfully!
2025-03-11T11:20:13.677Z [INFO]: Server running on port 4500
2025-03-11T11:20:23.178Z [ERROR]: [POST /api/trades/settle] Access Forbidden - user
2025-03-11T11:20:50.864Z [INFO]: MongoDB connected successfully!
2025-03-11T11:20:50.924Z [INFO]: Server running on port 4500
2025-03-11T11:21:07.938Z [INFO]: User 67cfb74e910964b6a25618b0 placed trade on event d2c90b3d104908d407729d089ee1616d
2025-03-11T11:21:16.706Z [INFO]: User 67cfb74e910964b6a25618b0 placed trade on event d2c90b3d104908d407729d089ee1616d
2025-03-11T11:21:17.570Z [WARN]: User 67cfb74e910964b6a25618b0 has insufficient balance
2025-03-12T05:39:26.975Z [INFO]: MongoDB connected successfully!
2025-03-12T05:39:26.988Z [INFO]: Server running on port 4500
2025-03-12T05:40:27.903Z [WARN]: [GET /api/auth/profile] Authorization - Token Expired
2025-03-12T05:40:32.869Z [INFO]: User saidansari07@gmail.com logged in successfully
2025-03-12T05:40:50.485Z [WARN]: [GET /api/auth/profile] Authorization - Token Expired
2025-03-12T05:40:53.535Z [WARN]: [GET /api/auth/profile] Authorization - Token Expired
2025-03-12T05:41:03.686Z [INFO]: User saidansari07@gmail.com logged in successfully
2025-03-12T05:41:13.254Z [INFO]: User Fetched!
2025-03-12T05:41:30.191Z [INFO]: Events fetched successfully
2025-03-12T05:41:40.603Z [ERROR]: [POST /api/events/update] Access Forbidden - user
2025-03-12T05:41:51.492Z [INFO]: Events fetched successfully
2025-03-12T05:42:20.422Z [INFO]: User mursalinansari07@gmail.com logged in successfully
2025-03-12T05:42:29.633Z [INFO]: User Fetched!
2025-03-12T05:42:36.294Z [INFO]: Events fetched successfully
2025-03-12T05:42:40.752Z [ERROR]: [POST /api/events/update] Access Forbidden - user
2025-03-12T05:42:44.840Z [ERROR]: [POST /api/events/update] Access Forbidden - user
2025-03-12T05:43:35.677Z [INFO]: MongoDB connected successfully!
2025-03-12T05:43:35.687Z [INFO]: Server running on port 4500
2025-03-12T05:43:40.866Z [ERROR]: Error fetching sports data: Request failed with status code 401
2025-03-12T05:43:40.868Z [INFO]: Events updated successfully!:
2025-03-12T05:44:34.350Z [INFO]: User Fetched!
2025-03-12T05:44:47.439Z [INFO]: MongoDB connected successfully!
2025-03-12T05:44:47.447Z [INFO]: Server running on port 4500
2025-03-12T05:44:50.447Z [INFO]: Events fetched successfully
2025-03-12T05:45:21.604Z [WARN]: [POST /api/trades] Authorization - Token Expired
2025-03-12T05:45:33.820Z [INFO]: User 67d01b81f85308b6d2d76ae2 placed trade on event d2c90b3d104908d407729d089ee1616d
2025-03-12T05:47:47.459Z [INFO]: Trades settled successfully for this event: 67cfba3e11ad7cc2d7d1c26e
2025-03-12T05:47:57.933Z [INFO]: Get User Trades Successfully
2025-03-12T05:48:26.266Z [WARN]: No pending trades found for this event: 67cfba3e11ad7cc2d7d1c26e
2025-03-12T05:48:55.943Z [INFO]: User 67d01b81f85308b6d2d76ae2 placed trade on event a1dd2bf2622cd16bf7b94db8abece057
2025-03-12T05:49:12.857Z [INFO]: Trades settled successfully for this event: 67cfba3e11ad7cc2d7d1c271
2025-03-12T05:49:17.459Z [INFO]: Get User Trades Successfully
2025-03-12T05:50:28.567Z [INFO]: MongoDB connected successfully!
2025-03-12T05:50:28.574Z [INFO]: Server running on port 4500
2025-03-12T05:50:38.498Z [INFO]: MongoDB connected successfully!
2025-03-12T05:50:38.501Z [INFO]: Server running on port 4500
2025-03-12T05:52:27.810Z [INFO]: MongoDB connected successfully!
2025-03-12T05:52:27.817Z [INFO]: Server running on port 4500
2025-03-12T05:54:21.475Z [INFO]: MongoDB connected successfully!
2025-03-12T05:54:21.481Z [INFO]: Server running on port 4500
2025-03-12T05:55:07.368Z [INFO]: [POST /api/auth/register] User Registered Successfully - sanamalik07@gmail.com
2025-03-12T05:55:19.617Z [INFO]: MongoDB connected successfully!
2025-03-12T05:55:19.624Z [INFO]: Server running on port 4500
2025-03-12T05:57:27.246Z [INFO]: MongoDB connected successfully!
2025-03-12T05:57:27.254Z [INFO]: Server running on port 4500
2025-03-12T05:57:47.489Z [INFO]: MongoDB connected successfully!
2025-03-12T05:57:47.495Z [INFO]: Server running on port 4500
2025-03-12T05:57:50.716Z [INFO]: MongoDB connected successfully!
2025-03-12T05:57:50.719Z [INFO]: Server running on port 4500
2025-03-12T05:58:08.038Z [ERROR]: Error: Expected double-quoted property name in JSON at position 67
2025-03-12T05:58:12.674Z [INFO]: [POST /api/auth/login] User Logged In - sanamalik07@gmail.com
2025-03-12T05:58:33.295Z [INFO]: MongoDB connected successfully!
2025-03-12T05:58:33.300Z [INFO]: Server running on port 4500
2025-03-12T06:00:52.967Z [INFO]: MongoDB connected successfully!
2025-03-12T06:00:52.975Z [INFO]: Server running on port 4500
2025-03-12T06:00:59.058Z [INFO]: MongoDB connected successfully!
2025-03-12T06:00:59.061Z [INFO]: Server running on port 4500
2025-03-12T06:01:03.455Z [INFO]: MongoDB connected successfully!
2025-03-12T06:01:03.466Z [INFO]: Server running on port 4500
2025-03-12T06:01:14.684Z [INFO]: Events fetched successfully
2025-03-12T06:01:22.693Z [ERROR]: Error fetching sports data: Request failed with status code 401
2025-03-12T06:01:22.693Z [WARN]: [POST /api/events/update] No events received from API
2025-03-12T06:02:24.398Z [ERROR]: Error fetching sports data: Request failed with status code 401
2025-03-12T06:02:24.399Z [WARN]: [POST /api/events/update] No events received from API
2025-03-12T06:02:34.676Z [ERROR]: Error fetching sports data: Request failed with status code 401
2025-03-12T06:02:34.676Z [WARN]: [POST /api/events/update] No events received from API
2025-03-12T06:03:33.713Z [INFO]: MongoDB connected successfully!
2025-03-12T06:03:33.720Z [INFO]: Server running on port 4500
2025-03-12T06:03:48.498Z [ERROR]: Error fetching sports data: Request failed with status code 401
2025-03-12T06:03:48.500Z [WARN]: [POST /api/events/update] No events received from API
2025-03-12T06:04:26.353Z [INFO]: MongoDB connected successfully!
2025-03-12T06:04:26.355Z [INFO]: Server running on port 4500
2025-03-12T06:04:36.857Z [INFO]: MongoDB connected successfully!
2025-03-12T06:04:36.861Z [INFO]: Server running on port 4500
2025-03-12T06:04:43.139Z [ERROR]: Error fetching sports data: Request failed with status code 401
2025-03-12T06:04:43.142Z [WARN]: [POST /api/events/update] No events received from API
2025-03-12T06:05:00.409Z [INFO]: MongoDB connected successfully!
2025-03-12T06:05:00.410Z [INFO]: Server running on port 4500
2025-03-12T06:05:08.710Z [INFO]: MongoDB connected successfully!
2025-03-12T06:05:08.712Z [INFO]: Server running on port 4500
2025-03-12T06:05:12.647Z [ERROR]: Error fetching sports data: Request failed with status code 401
2025-03-12T06:05:12.650Z [WARN]: [POST /api/events/update] No events received from API
2025-03-12T06:05:41.334Z [INFO]: MongoDB connected successfully!
2025-03-12T06:05:41.341Z [INFO]: Server running on port 4500
2025-03-12T06:05:57.984Z [INFO]: Events fetched successfully
2025-03-12T06:07:54.633Z [INFO]: MongoDB connected successfully!
2025-03-12T06:07:54.644Z [INFO]: Server running on port 4500
2025-03-12T06:08:29.450Z [INFO]: MongoDB connected successfully!
2025-03-12T06:08:29.453Z [INFO]: Server running on port 4500
2025-03-12T06:10:02.150Z [INFO]: MongoDB connected successfully!
2025-03-12T06:10:02.155Z [INFO]: Server running on port 4500
2025-03-12T06:10:25.956Z [INFO]: MongoDB connected successfully!
2025-03-12T06:10:25.959Z [INFO]: Server running on port 4500
2025-03-12T06:10:37.327Z [WARN]: [POST /api/trades] Trade Failed - Invalid Bet Amount
2025-03-12T06:10:47.180Z [INFO]: [POST /api/trades] Trade Placed - User: 67d01b81f85308b6d2d76ae2, Event: a1dd2bf2622cd16bf7b94db8abece057
2025-03-12T06:11:05.790Z [INFO]: [POST /api/trades] Trade Placed - User: 67d01b81f85308b6d2d76ae2, Event: a1dd2bf2622cd16bf7b94db8abece057
2025-03-12T06:11:10.291Z [WARN]: [POST /api/trades] Trade Failed - Insufficient Balance (User: 67d01b81f85308b6d2d76ae2)
2025-03-12T06:11:56.851Z [INFO]: MongoDB connected successfully!
2025-03-12T06:11:56.855Z [INFO]: Server running on port 4500
2025-03-12T06:16:55.584Z [INFO]: MongoDB connected successfully!
2025-03-12T06:16:55.594Z [INFO]: Server running on port 4500
2025-03-12T06:16:59.645Z [INFO]: MongoDB connected successfully!
2025-03-12T06:16:59.646Z [INFO]: Server running on port 4500
2025-03-12T06:17:39.464Z [INFO]: MongoDB connected successfully!
2025-03-12T06:17:39.466Z [INFO]: Server running on port 4500
2025-03-12T06:18:02.748Z [INFO]: [POST /api/trades/settle] Trades Settled Successfully - Event: a1dd2bf2622cd16bf7b94db8abece057, Won: 2, Lost: 0
2025-03-12T06:18:09.126Z [WARN]: [POST /api/trades/settle] No Pending Trades Found (Event: a1dd2bf2622cd16bf7b94db8abece057)
2025-03-12T06:18:30.816Z [INFO]: Get User Trades Successfully
2025-03-12T06:19:01.224Z [WARN]: [POST /api/trades] Trade Failed - Event Not Found (Event: 67d004732dde82f61be1ac8f)
2025-03-12T06:19:36.836Z [INFO]: [POST /api/trades] Trade Placed - User: 67d01b81f85308b6d2d76ae2, Event: 016955bf0847815b276dfb3678bcb170
2025-03-12T06:19:59.101Z [INFO]: Get User Trades Successfully
2025-03-12T06:20:10.490Z [INFO]: [POST /api/trades/settle] Trades Settled Successfully - Event: 016955bf0847815b276dfb3678bcb170, Won: 0, Lost: 1
2025-03-12T06:20:17.156Z [INFO]: Get User Trades Successfully
2025-03-12T06:20:24.139Z [INFO]: [POST /api/trades] Trade Placed - User: 67d01b81f85308b6d2d76ae2, Event: 016955bf0847815b276dfb3678bcb170
2025-03-12T06:20:32.130Z [INFO]: Get User Trades Successfully
2025-03-12T06:20:42.037Z [INFO]: [POST /api/trades/settle] Trades Settled Successfully - Event: 016955bf0847815b276dfb3678bcb170, Won: 1, Lost: 0
2025-03-12T06:20:45.972Z [WARN]: [POST /api/trades/settle] No Pending Trades Found (Event: 016955bf0847815b276dfb3678bcb170)
2025-03-12T06:20:49.937Z [INFO]: Get User Trades Successfully
2025-03-12T06:20:55.975Z [INFO]: Get User Trades Successfully
2025-03-12T06:23:02.344Z [INFO]: MongoDB connected successfully!
2025-03-12T06:23:02.354Z [INFO]: Server running on port 4500
2025-03-12T06:28:04.677Z [INFO]: MongoDB connected successfully!
2025-03-12T06:28:04.684Z [INFO]: Server running on port 4500
2025-03-12T06:28:08.898Z [INFO]: MongoDB connected successfully!
2025-03-12T06:28:08.900Z [INFO]: Server running on port 4500
2025-03-12T06:28:23.558Z [INFO]: [POST /api/trades] Trade Placed - User: 67d01b81f85308b6d2d76ae2, Event: 016955bf0847815b276dfb3678bcb170
2025-03-12T06:30:39.157Z [INFO]: [POST /api/trades/settle] Trades Settled Successfully - Event: 016955bf0847815b276dfb3678bcb170, Won: 0, Lost: 1
2025-03-12T06:30:44.731Z [INFO]: Get User Trades Successfully
2025-03-12T06:30:52.307Z [WARN]: [POST /api/trades] Trade Failed - Event Already Completed (Event: 016955bf0847815b276dfb3678bcb170)
2025-03-12T06:31:34.519Z [INFO]: MongoDB connected successfully!
2025-03-12T06:31:34.537Z [INFO]: Server running on port 4500
2025-03-12T06:31:38.716Z [WARN]: [POST /api/trades] Trade Failed - Event Already Completed (Event: 016955bf0847815b276dfb3678bcb170)
2025-03-12T06:31:40.769Z [WARN]: [POST /api/trades] Trade Failed - Event Already Completed (Event: 016955bf0847815b276dfb3678bcb170)
2025-03-12T06:31:44.611Z [WARN]: [POST /api/trades] Trade Failed - Event Already Completed (Event: 016955bf0847815b276dfb3678bcb170)
2025-03-12T06:32:17.740Z [INFO]: MongoDB connected successfully!
2025-03-12T06:32:17.748Z [INFO]: Server running on port 4500
2025-03-12T06:32:31.209Z [INFO]: MongoDB connected successfully!
2025-03-12T06:32:31.211Z [INFO]: Server running on port 4500
2025-03-12T06:32:40.272Z [INFO]: [POST /api/trades] Trade Placed - User: 67d01b81f85308b6d2d76ae2, Event: 016955bf0847815b276dfb3678bcb170
2025-03-12T06:32:57.949Z [INFO]: MongoDB connected successfully!
2025-03-12T06:32:57.955Z [INFO]: Server running on port 4500
